<?xml version="1.0" encoding="UTF-8"?>
<testsuite xmlns:xsi="http://www.w3.org/2001/XMLSchema-instance" xsi:noNamespaceSchemaLocation="https://maven.apache.org/surefire/maven-surefire-plugin/xsd/surefire-test-report-3.0.xsd" version="3.0" name="cucumbertests.TestRunner" time="7.419" tests="1" errors="0" skipped="0" failures="0">
  <properties>
[...]
</properties>
  <testcase name="gooogle search with valid data" classname="Google search" time="6.594">
    <system-out><![CDATA[
@func @smoke @valid
Scenario: gooogle search with valid data     # requirements/googlesearch.feature:5
  Given User should be in google search page # stepdefinitions.Login.user_should_be_in_google_search_page()
  When User enters sample test and submit    # stepdefinitions.Login.user_enters_sample_test_and_submit()
pass
  Then User should get search reults         # stepdefinitions.Login.user_should_get_search_reults()
]]></system-out>
    <system-err><![CDATA[SLF4J(W): No SLF4J providers were found.
SLF4J(W): Defaulting to no-operation (NOP) logger implementation
SLF4J(W): See https://www.slf4j.org/codes.html#noProviders for further details.
Starting ChromeDriver 136.0.7103.94 (fa0be0b33debeb378a8e6ad9c599be34e2dc3b37-refs/branch-heads/7103@{#1842}) on port 41123
Only local connections are allowed.
Please see https://chromedriver.chromium.org/security-considerations for suggestions on keeping ChromeDriver safe.
ChromeDriver was started successfully on port 41123.
May 20, 2025 9:51:20 PM org.openqa.selenium.remote.ProtocolHandshake createSession
INFO: Detected dialect: W3C
]]></system-err>
  </testcase>
</testsuite>